Copyright 1986-2021 Xilinx, Inc. All Rights Reserved.
------------------------------------------------------------------------------------------------------------------------------------------------------------------------------------------------------------------------------------------
| Tool Version : Vivado v.2021.2 (win64) Build 3367213 Tue Oct 19 02:48:09 MDT 2021
| Date         : Sun Mar  6 00:47:42 2022
| Host         : DESKTOP-S6T5VL6 running 64-bit major release  (build 9200)
| Command      : report_timing_summary -max_paths 10 -report_unconstrained -file comparator_4bit_timing_summary_routed.rpt -pb comparator_4bit_timing_summary_routed.pb -rpx comparator_4bit_timing_summary_routed.rpx -warn_on_violation
| Design       : comparator_4bit
| Device       : 7a50ti-csg324
| Speed File   : -1L  PRODUCTION 1.23 2018-06-13
------------------------------------------------------------------------------------------------------------------------------------------------------------------------------------------------------------------------------------------

Timing Summary Report

------------------------------------------------------------------------------------------------
| Timer Settings
| --------------
------------------------------------------------------------------------------------------------

  Enable Multi Corner Analysis               :  Yes
  Enable Pessimism Removal                   :  Yes
  Pessimism Removal Resolution               :  Nearest Common Node
  Enable Input Delay Default Clock           :  No
  Enable Preset / Clear Arcs                 :  No
  Disable Flight Delays                      :  No
  Ignore I/O Paths                           :  No
  Timing Early Launch at Borrowing Latches   :  No
  Borrow Time for Max Delay Exceptions       :  Yes
  Merge Timing Exceptions                    :  Yes

  Corner  Analyze    Analyze    
  Name    Max Paths  Min Paths  
  ------  ---------  ---------  
  Slow    Yes        Yes        
  Fast    Yes        Yes        


------------------------------------------------------------------------------------------------
| Report Methodology
| ------------------
------------------------------------------------------------------------------------------------

Rule  Severity  Description  Violations  
----  --------  -----------  ----------  

Note: This report is based on the most recent report_methodology run and may not be up-to-date. Run report_methodology on the current design for the latest report.



check_timing report

Table of Contents
-----------------
1. checking no_clock (0)
2. checking constant_clock (0)
3. checking pulse_width_clock (0)
4. checking unconstrained_internal_endpoints (0)
5. checking no_input_delay (0)
6. checking no_output_delay (0)
7. checking multiple_clock (0)
8. checking generated_clocks (0)
9. checking loops (0)
10. checking partial_input_delay (0)
11. checking partial_output_delay (0)
12. checking latch_loops (0)

1. checking no_clock (0)
------------------------
 There are 0 register/latch pins with no clock.


2. checking constant_clock (0)
------------------------------
 There are 0 register/latch pins with constant_clock.


3. checking pulse_width_clock (0)
---------------------------------
 There are 0 register/latch pins which need pulse_width check


4. checking unconstrained_internal_endpoints (0)
------------------------------------------------
 There are 0 pins that are not constrained for maximum delay.

 There are 0 pins that are not constrained for maximum delay due to constant clock.


5. checking no_input_delay (0)
------------------------------
 There are 0 input ports with no input delay specified.

 There are 0 input ports with no input delay but user has a false path constraint.


6. checking no_output_delay (0)
-------------------------------
 There are 0 ports with no output delay specified.

 There are 0 ports with no output delay but user has a false path constraint

 There are 0 ports with no output delay but with a timing clock defined on it or propagating through it


7. checking multiple_clock (0)
------------------------------
 There are 0 register/latch pins with multiple clocks.


8. checking generated_clocks (0)
--------------------------------
 There are 0 generated clocks that are not connected to a clock source.


9. checking loops (0)
---------------------
 There are 0 combinational loops in the design.


10. checking partial_input_delay (0)
------------------------------------
 There are 0 input ports with partial input delay specified.


11. checking partial_output_delay (0)
-------------------------------------
 There are 0 ports with partial output delay specified.


12. checking latch_loops (0)
----------------------------
 There are 0 combinational latch loops in the design through latch input



------------------------------------------------------------------------------------------------
| Design Timing Summary
| ---------------------
------------------------------------------------------------------------------------------------

    WNS(ns)      TNS(ns)  TNS Failing Endpoints  TNS Total Endpoints      WHS(ns)      THS(ns)  THS Failing Endpoints  THS Total Endpoints     WPWS(ns)     TPWS(ns)  TPWS Failing Endpoints  TPWS Total Endpoints  
    -------      -------  ---------------------  -------------------      -------      -------  ---------------------  -------------------     --------     --------  ----------------------  --------------------  
        inf        0.000                      0                    3          inf        0.000                      0                    3           NA           NA                      NA                    NA  


There are no user specified timing constraints.


------------------------------------------------------------------------------------------------
| Clock Summary
| -------------
------------------------------------------------------------------------------------------------


------------------------------------------------------------------------------------------------
| Intra Clock Table
| -----------------
------------------------------------------------------------------------------------------------

Clock             WNS(ns)      TNS(ns)  TNS Failing Endpoints  TNS Total Endpoints      WHS(ns)      THS(ns)  THS Failing Endpoints  THS Total Endpoints     WPWS(ns)     TPWS(ns)  TPWS Failing Endpoints  TPWS Total Endpoints  
-----             -------      -------  ---------------------  -------------------      -------      -------  ---------------------  -------------------     --------     --------  ----------------------  --------------------  


------------------------------------------------------------------------------------------------
| Inter Clock Table
| -----------------
------------------------------------------------------------------------------------------------

From Clock    To Clock          WNS(ns)      TNS(ns)  TNS Failing Endpoints  TNS Total Endpoints      WHS(ns)      THS(ns)  THS Failing Endpoints  THS Total Endpoints  
----------    --------          -------      -------  ---------------------  -------------------      -------      -------  ---------------------  -------------------  


------------------------------------------------------------------------------------------------
| Other Path Groups Table
| -----------------------
------------------------------------------------------------------------------------------------

Path Group    From Clock    To Clock          WNS(ns)      TNS(ns)  TNS Failing Endpoints  TNS Total Endpoints      WHS(ns)      THS(ns)  THS Failing Endpoints  THS Total Endpoints  
----------    ----------    --------          -------      -------  ---------------------  -------------------      -------      -------  ---------------------  -------------------  


------------------------------------------------------------------------------------------------
| User Ignored Path Table
| -----------------------
------------------------------------------------------------------------------------------------

Path Group    From Clock    To Clock    
----------    ----------    --------    


------------------------------------------------------------------------------------------------
| Unconstrained Path Table
| ------------------------
------------------------------------------------------------------------------------------------

Path Group    From Clock    To Clock    
----------    ----------    --------    
(none)                                    


------------------------------------------------------------------------------------------------
| Timing Details
| --------------
------------------------------------------------------------------------------------------------


--------------------------------------------------------------------------------------
Path Group:  (none)
From Clock:  
  To Clock:  

Max Delay             3 Endpoints
Min Delay             3 Endpoints
--------------------------------------------------------------------------------------


Max Delay Paths
--------------------------------------------------------------------------------------
Slack:                    inf
  Source:                 a_i[1]
                            (input port)
  Destination:            B_less_A_o
                            (output port)
  Path Group:             (none)
  Path Type:              Max at Slow Process Corner
  Data Path Delay:        8.114ns  (logic 3.853ns (47.484%)  route 4.261ns (52.516%))
  Logic Levels:           4  (IBUF=1 LUT3=1 LUT6=1 OBUF=1)

    Location             Delay type                Incr(ns)  Path(ns)    Netlist Resource(s)
  -------------------------------------------------------------------    -------------------
    T13                                               0.000     0.000 r  a_i[1] (IN)
                         net (fo=0)                   0.000     0.000    a_i[1]
    T13                  IBUF (Prop_ibuf_I_O)         0.966     0.966 r  a_i_IBUF[1]_inst/O
                         net (fo=3, routed)           1.575     2.541    a_i_IBUF[1]
    SLICE_X0Y5           LUT6 (Prop_lut6_I3_O)        0.124     2.665 r  B_less_A_o_OBUF_inst_i_2/O
                         net (fo=1, routed)           0.873     3.538    B_less_A_o_OBUF_inst_i_2_n_0
    SLICE_X1Y5           LUT3 (Prop_lut3_I0_O)        0.124     3.662 r  B_less_A_o_OBUF_inst_i_1/O
                         net (fo=1, routed)           1.814     5.475    B_less_A_o_OBUF
    T9                   OBUF (Prop_obuf_I_O)         2.639     8.114 r  B_less_A_o_OBUF_inst/O
                         net (fo=0)                   0.000     8.114    B_less_A_o
    T9                                                                r  B_less_A_o (OUT)
  -------------------------------------------------------------------    -------------------

Slack:                    inf
  Source:                 a_i[1]
                            (input port)
  Destination:            B_greater_A_o
                            (output port)
  Path Group:             (none)
  Path Type:              Max at Slow Process Corner
  Data Path Delay:        7.776ns  (logic 3.846ns (49.465%)  route 3.930ns (50.535%))
  Logic Levels:           4  (IBUF=1 LUT3=1 LUT6=1 OBUF=1)

    Location             Delay type                Incr(ns)  Path(ns)    Netlist Resource(s)
  -------------------------------------------------------------------    -------------------
    T13                                               0.000     0.000 f  a_i[1] (IN)
                         net (fo=0)                   0.000     0.000    a_i[1]
    T13                  IBUF (Prop_ibuf_I_O)         0.966     0.966 f  a_i_IBUF[1]_inst/O
                         net (fo=3, routed)           1.580     2.546    a_i_IBUF[1]
    SLICE_X0Y5           LUT6 (Prop_lut6_I2_O)        0.124     2.670 r  B_greater_A_o_OBUF_inst_i_2/O
                         net (fo=1, routed)           0.484     3.154    B_greater_A_o_OBUF_inst_i_2_n_0
    SLICE_X0Y5           LUT3 (Prop_lut3_I0_O)        0.124     3.278 r  B_greater_A_o_OBUF_inst_i_1/O
                         net (fo=1, routed)           1.865     5.144    B_greater_A_o_OBUF
    T10                  OBUF (Prop_obuf_I_O)         2.632     7.776 r  B_greater_A_o_OBUF_inst/O
                         net (fo=0)                   0.000     7.776    B_greater_A_o
    T10                                                               r  B_greater_A_o (OUT)
  -------------------------------------------------------------------    -------------------

Slack:                    inf
  Source:                 b_i[0]
                            (input port)
  Destination:            B_equals_A_o
                            (output port)
  Path Group:             (none)
  Path Type:              Max at Slow Process Corner
  Data Path Delay:        7.663ns  (logic 4.082ns (53.273%)  route 3.581ns (46.727%))
  Logic Levels:           4  (IBUF=1 LUT3=1 LUT6=1 OBUF=1)

    Location             Delay type                Incr(ns)  Path(ns)    Netlist Resource(s)
  -------------------------------------------------------------------    -------------------
    V11                                               0.000     0.000 r  b_i[0] (IN)
                         net (fo=0)                   0.000     0.000    b_i[0]
    V11                  IBUF (Prop_ibuf_I_O)         0.978     0.978 r  b_i_IBUF[0]_inst/O
                         net (fo=3, routed)           1.398     2.376    b_i_IBUF[0]
    SLICE_X0Y5           LUT6 (Prop_lut6_I0_O)        0.124     2.500 r  B_equals_A_o_OBUF_inst_i_2/O
                         net (fo=1, routed)           0.444     2.944    B_equals_A_o_OBUF_inst_i_2_n_0
    SLICE_X0Y5           LUT3 (Prop_lut3_I2_O)        0.150     3.094 r  B_equals_A_o_OBUF_inst_i_1/O
                         net (fo=1, routed)           1.739     4.833    B_equals_A_o_OBUF
    R10                  OBUF (Prop_obuf_I_O)         2.831     7.663 r  B_equals_A_o_OBUF_inst/O
                         net (fo=0)                   0.000     7.663    B_equals_A_o
    R10                                                               r  B_equals_A_o (OUT)
  -------------------------------------------------------------------    -------------------





Min Delay Paths
--------------------------------------------------------------------------------------
Slack:                    inf
  Source:                 a_i[3]
                            (input port)
  Destination:            B_less_A_o
                            (output port)
  Path Group:             (none)
  Path Type:              Min at Fast Process Corner
  Data Path Delay:        2.137ns  (logic 1.395ns (65.261%)  route 0.742ns (34.739%))
  Logic Levels:           3  (IBUF=1 LUT3=1 OBUF=1)

    Location             Delay type                Incr(ns)  Path(ns)    Netlist Resource(s)
  -------------------------------------------------------------------    -------------------
    U14                                               0.000     0.000 r  a_i[3] (IN)
                         net (fo=0)                   0.000     0.000    a_i[3]
    U14                  IBUF (Prop_ibuf_I_O)         0.194     0.194 r  a_i_IBUF[3]_inst/O
                         net (fo=3, routed)           0.347     0.540    a_i_IBUF[3]
    SLICE_X1Y5           LUT3 (Prop_lut3_I2_O)        0.045     0.585 r  B_less_A_o_OBUF_inst_i_1/O
                         net (fo=1, routed)           0.396     0.981    B_less_A_o_OBUF
    T9                   OBUF (Prop_obuf_I_O)         1.156     2.137 r  B_less_A_o_OBUF_inst/O
                         net (fo=0)                   0.000     2.137    B_less_A_o
    T9                                                                r  B_less_A_o (OUT)
  -------------------------------------------------------------------    -------------------

Slack:                    inf
  Source:                 b_i[3]
                            (input port)
  Destination:            B_greater_A_o
                            (output port)
  Path Group:             (none)
  Path Type:              Min at Fast Process Corner
  Data Path Delay:        2.314ns  (logic 1.417ns (61.230%)  route 0.897ns (38.770%))
  Logic Levels:           3  (IBUF=1 LUT3=1 OBUF=1)

    Location             Delay type                Incr(ns)  Path(ns)    Netlist Resource(s)
  -------------------------------------------------------------------    -------------------
    U12                                               0.000     0.000 r  b_i[3] (IN)
                         net (fo=0)                   0.000     0.000    b_i[3]
    U12                  IBUF (Prop_ibuf_I_O)         0.223     0.223 r  b_i_IBUF[3]_inst/O
                         net (fo=3, routed)           0.492     0.715    b_i_IBUF[3]
    SLICE_X0Y5           LUT3 (Prop_lut3_I2_O)        0.045     0.760 r  B_greater_A_o_OBUF_inst_i_1/O
                         net (fo=1, routed)           0.405     1.165    B_greater_A_o_OBUF
    T10                  OBUF (Prop_obuf_I_O)         1.149     2.314 r  B_greater_A_o_OBUF_inst/O
                         net (fo=0)                   0.000     2.314    B_greater_A_o
    T10                                                               r  B_greater_A_o (OUT)
  -------------------------------------------------------------------    -------------------

Slack:                    inf
  Source:                 b_i[3]
                            (input port)
  Destination:            B_equals_A_o
                            (output port)
  Path Group:             (none)
  Path Type:              Min at Fast Process Corner
  Data Path Delay:        2.338ns  (logic 1.472ns (62.981%)  route 0.865ns (37.019%))
  Logic Levels:           3  (IBUF=1 LUT3=1 OBUF=1)

    Location             Delay type                Incr(ns)  Path(ns)    Netlist Resource(s)
  -------------------------------------------------------------------    -------------------
    U12                                               0.000     0.000 r  b_i[3] (IN)
                         net (fo=0)                   0.000     0.000    b_i[3]
    U12                  IBUF (Prop_ibuf_I_O)         0.223     0.223 r  b_i_IBUF[3]_inst/O
                         net (fo=3, routed)           0.492     0.715    b_i_IBUF[3]
    SLICE_X0Y5           LUT3 (Prop_lut3_I0_O)        0.042     0.757 r  B_equals_A_o_OBUF_inst_i_1/O
                         net (fo=1, routed)           0.374     1.130    B_equals_A_o_OBUF
    R10                  OBUF (Prop_obuf_I_O)         1.207     2.338 r  B_equals_A_o_OBUF_inst/O
                         net (fo=0)                   0.000     2.338    B_equals_A_o
    R10                                                               r  B_equals_A_o (OUT)
  -------------------------------------------------------------------    -------------------





